[2025-10-05T11:50:27Z] [SPRINT8] START Sprint8 Feature Build | freq=1min quick=True qdays=180
[2025-10-05T11:50:27Z] [SPRINT8] Symbols filter: ['AAPL', 'MSFT']
[2025-10-05T11:50:27Z] [SPRINT8] [FAIL] No raw files found in F:\Python_Projekt\Aktiengerüst\data\raw\1min
[2025-10-05T11:53:10Z] [SPRINT8] START Sprint8 Feature Build | freq=1min quick=True qdays=180
[2025-10-05T11:53:10Z] [SPRINT8] Symbols filter: ['AAPL', 'MSFT']
[2025-10-05T11:53:10Z] [SPRINT8] [FAIL] No input files found. Looked in: F:\Python_Projekt\Aktiengerüst\data\raw\1min, F:\Python_Projekt\Aktiengerüst\output\assembled_intraday\1min, F:\Python_Projekt\Aktiengerüst\output\aggregates\1min
Hint: run your existing assemble/resample scripts to produce intraday bars, or place files under data/raw/<freq>.
[2025-10-05T11:53:31Z] [SPRINT8] START Sprint8 Feature Build | freq=1min quick=True qdays=180
[2025-10-05T11:53:31Z] [SPRINT8] Symbols filter: ['AAPL', 'MSFT']
[2025-10-05T11:53:31Z] [SPRINT8] [FAIL] No input files found. Looked in: F:\Python_Projekt\Aktiengerüst\data\raw\1min, F:\Python_Projekt\Aktiengerüst\output\assembled_intraday\1min, F:\Python_Projekt\Aktiengerüst\output\aggregates\1min
Hint: run your existing assemble/resample scripts to produce intraday bars, or place files under data/raw/<freq>.
[2025-10-05T11:56:01Z] [SPRINT8] START Sprint8 Feature Build | freq=1min quick=True qdays=180
[2025-10-05T11:56:01Z] [SPRINT8] Symbols filter: ['AAPL', 'MSFT']
[2025-10-05T11:56:01Z] [SPRINT8] Search roots: ['F:\\Python_Projekt\\Aktiengerüst\\data\\raw\\1min', 'F:\\Python_Projekt\\Aktiengerüst\\output\\assembled_intraday\\1min', 'F:\\Python_Projekt\\Aktiengerüst\\output\\aggregates\\1min']
[2025-10-05T11:56:01Z] [SPRINT8] Found 0 candidate file(s)
[2025-10-05T11:56:01Z] [SPRINT8] [FAIL] No input files found. Looked in: F:\Python_Projekt\Aktiengerüst\data\raw\1min, F:\Python_Projekt\Aktiengerüst\output\assembled_intraday\1min, F:\Python_Projekt\Aktiengerüst\output\aggregates\1min
[2025-10-05T11:57:29Z] [SPRINT8] START Sprint8 Feature Build | freq=1min quick=True qdays=180
[2025-10-05T11:57:29Z] [SPRINT8] Symbols filter: ['AAPL', 'MSFT']
[2025-10-05T11:57:29Z] [SPRINT8] Search roots: ['F:\\Python_Projekt\\Aktiengerüst\\data\\raw\\1min', 'F:\\Python_Projekt\\Aktiengerüst\\output\\assembled_intraday\\1min', 'F:\\Python_Projekt\\Aktiengerüst\\output\\aggregates\\1min']
[2025-10-05T11:57:29Z] [SPRINT8] Found 0 candidate file(s)
[2025-10-05T11:57:29Z] [SPRINT8] No input files found — using synthetic demo data.
[2025-10-05T11:57:30Z] [SPRINT8] [OK] written: F:\Python_Projekt\Aktiengerüst\output\features\base_1min.parquet
[2025-10-05T11:57:30Z] [SPRINT8] [OK] written: F:\Python_Projekt\Aktiengerüst\output\features\micro_1min.parquet
[2025-10-05T11:57:30Z] [SPRINT8] [FAIL] Cannot convert non-finite values (NA or inf) to integer
[2025-10-05T11:59:20Z] [SPRINT8] START Sprint8 Feature Build | freq=5min quick=True qdays=180
[2025-10-05T11:59:20Z] [SPRINT8] Symbols filter: ['AAPL', 'MSFT']
[2025-10-05T11:59:20Z] [SPRINT8] Search roots: ['F:\\Python_Projekt\\Aktiengerüst\\data\\raw\\5min', 'F:\\Python_Projekt\\Aktiengerüst\\output\\assembled_intraday\\5min', 'F:\\Python_Projekt\\Aktiengerüst\\output\\aggregates\\5min']
[2025-10-05T11:59:20Z] [SPRINT8] Found 2 candidate file(s)
[2025-10-05T11:59:20Z] [SPRINT8] [FAIL] [RAW:assembled_intraday_15min.parquet] Missing columns: ['timestamp', 'symbol']
[2025-10-05T11:59:32Z] [SPRINT8] START Sprint8 Feature Build | freq=1min quick=True qdays=180
[2025-10-05T11:59:32Z] [SPRINT8] Symbols filter: ['AAPL', 'MSFT']
[2025-10-05T11:59:32Z] [SPRINT8] Search roots: ['F:\\Python_Projekt\\Aktiengerüst\\data\\raw\\1min', 'F:\\Python_Projekt\\Aktiengerüst\\output\\assembled_intraday\\1min', 'F:\\Python_Projekt\\Aktiengerüst\\output\\aggregates\\1min']
[2025-10-05T11:59:32Z] [SPRINT8] Found 0 candidate file(s)
[2025-10-05T11:59:32Z] [SPRINT8] No input files found — using synthetic demo data.
[2025-10-05T11:59:33Z] [SPRINT8] [OK] written: F:\Python_Projekt\Aktiengerüst\output\features\base_1min.parquet
[2025-10-05T11:59:33Z] [SPRINT8] [OK] written: F:\Python_Projekt\Aktiengerüst\output\features\micro_1min.parquet
[2025-10-05T11:59:33Z] [SPRINT8] [OK] written: F:\Python_Projekt\Aktiengerüst\output\features\regime_1min.parquet
[2025-10-05T11:59:33Z] [SPRINT8] [OK] manifest updated: F:\Python_Projekt\Aktiengerüst\output\features\feature_manifest.json
[2025-10-05T11:59:33Z] [SPRINT8] Acceptance hint: Validate PF>1.25 under cost stress once Execution v2 is wired.
[2025-10-05T11:59:33Z] [SPRINT8] DONE Sprint8 Feature Build
[2025-10-05T12:01:48Z] [SPRINT8] START Sprint8 Feature Build | freq=5min quick=True qdays=180
[2025-10-05T12:01:48Z] [SPRINT8] Symbols filter: ['AAPL', 'MSFT']
[2025-10-05T12:01:48Z] [SPRINT8] Search roots: ['F:\\Python_Projekt\\Aktiengerüst\\data\\raw\\5min', 'F:\\Python_Projekt\\Aktiengerüst\\output\\assembled_intraday\\5min', 'F:\\Python_Projekt\\Aktiengerüst\\output\\aggregates\\5min']
[2025-10-05T12:01:48Z] [SPRINT8] Found 1 candidate file(s)
[2025-10-05T12:01:48Z] [SPRINT8] [FAIL] [RAW:assembled_intraday_5min.parquet] Missing columns: ['timestamp']
[2025-10-05T12:04:08Z] [SPRINT8] START Sprint8 Feature Build | freq=5min quick=True qdays=180
[2025-10-05T12:04:08Z] [SPRINT8] Symbols filter: ['AAPL', 'MSFT']
[2025-10-05T12:04:08Z] [SPRINT8] Search roots: ['F:\\Python_Projekt\\Aktiengerüst\\data\\raw\\5min', 'F:\\Python_Projekt\\Aktiengerüst\\output\\assembled_intraday\\5min', 'F:\\Python_Projekt\\Aktiengerüst\\output\\aggregates\\5min']
[2025-10-05T12:04:08Z] [SPRINT8] Found 1 candidate file(s)
[2025-10-05T12:04:08Z] [SPRINT8] [FAIL] [RAW_ALL] DataFrame is empty
[2025-10-05T12:11:40Z] [SPRINT8] START Sprint8 Feature Build | freq=5min quick=True qdays=180
[2025-10-05T12:11:40Z] [SPRINT8] Symbols filter: ['AAPL', 'MSFT']
[2025-10-05T12:11:40Z] [SPRINT8] Search roots: ['F:\\Python_Projekt\\Aktiengerüst\\data\\raw\\5min', 'F:\\Python_Projekt\\Aktiengerüst\\output\\assembled_intraday\\5min', 'F:\\Python_Projekt\\Aktiengerüst\\output\\aggregates\\5min']
[2025-10-05T12:11:40Z] [SPRINT8] Found 1 candidate file(s)
[2025-10-05T12:11:40Z] [SPRINT8] Loaded rows=2595 | symbols=['NAN'] | timerange=[2025-10-02 10:35:00, 2025-10-05 10:35:00]
[2025-10-05T12:11:40Z] [SPRINT8] Applied symbol filter ['AAPL', 'MSFT'] → rows 0 (from 2595)
[2025-10-05T12:11:40Z] [SPRINT8] WARNING: Symbol filter removed all rows → falling back to all symbols.
[2025-10-05T12:11:40Z] [SPRINT8] [FAIL] [RAW_ALL] Non-positive prices detected
[2025-10-05T12:27:58Z] [SPRINT8] START Sprint8 Feature Build | freq=5min quick=True qdays=180
[2025-10-05T12:27:58Z] [SPRINT8] Symbols filter: ['AAPL', 'MSFT']
[2025-10-05T12:27:58Z] [SPRINT8] Search roots: ['F:\\Python_Projekt\\Aktiengerüst\\data\\raw\\5min', 'F:\\Python_Projekt\\Aktiengerüst\\output\\assembled_intraday\\5min', 'F:\\Python_Projekt\\Aktiengerüst\\output\\aggregates\\5min']
[2025-10-05T12:27:58Z] [SPRINT8] Found 1 candidate file(s)
[2025-10-05T12:27:58Z] [SPRINT8] Loaded rows=192 | symbols=['NAN'] | timerange=[2025-10-05 04:25:00, 2025-10-05 12:20:00]
[2025-10-05T12:27:58Z] [SPRINT8] Applied symbol filter ['AAPL', 'MSFT'] → rows 0 (from 192)
[2025-10-05T12:27:58Z] [SPRINT8] WARNING: Symbol filter removed all rows → falling back to all symbols.
[2025-10-05T12:27:58Z] [SPRINT8] Quick filter: cutoff=2025-04-08 12:20:00 → rows 96 (from 96)
[2025-10-05T12:27:58Z] [SPRINT8] [OK] written: F:\Python_Projekt\Aktiengerüst\output\features\base_5min.parquet
[2025-10-05T12:27:58Z] [SPRINT8] [OK] written: F:\Python_Projekt\Aktiengerüst\output\features\micro_5min.parquet
[2025-10-05T12:27:58Z] [SPRINT8] [OK] written: F:\Python_Projekt\Aktiengerüst\output\features\regime_5min.parquet
[2025-10-05T12:27:58Z] [SPRINT8] [OK] manifest updated: F:\Python_Projekt\Aktiengerüst\output\features\feature_manifest.json
[2025-10-05T12:27:58Z] [SPRINT8] Acceptance hint: Validate PF>1.25 under cost stress once Execution v2 is wired.
[2025-10-05T12:27:58Z] [SPRINT8] DONE Sprint8 Feature Build
[2025-10-05T12:30:01Z] [SPRINT8] START Sprint8 Feature Build | freq=5min quick=True qdays=180
[2025-10-05T12:30:01Z] [SPRINT8] Symbols filter: ['AAPL', 'MSFT']
[2025-10-05T12:30:01Z] [SPRINT8] Search roots: ['F:\\Python_Projekt\\Aktiengerüst\\data\\raw\\5min', 'F:\\Python_Projekt\\Aktiengerüst\\output\\assembled_intraday\\5min', 'F:\\Python_Projekt\\Aktiengerüst\\output\\aggregates\\5min']
[2025-10-05T12:30:01Z] [SPRINT8] Found 1 candidate file(s)
[2025-10-05T12:30:01Z] [SPRINT8] Loaded rows=192 | symbols=['NAN'] | timerange=[2025-10-05 04:25:00, 2025-10-05 12:20:00]
[2025-10-05T12:30:01Z] [SPRINT8] Applied symbol filter ['AAPL', 'MSFT'] → rows 0 (from 192)
[2025-10-05T12:30:01Z] [SPRINT8] WARNING: Symbol filter removed all rows → falling back to all symbols.
[2025-10-05T12:30:01Z] [SPRINT8] Quick filter: cutoff=2025-04-08 12:20:00 → rows 96 (from 96)
[2025-10-05T12:30:01Z] [SPRINT8] [OK] written: F:\Python_Projekt\Aktiengerüst\output\features\base_5min.parquet
[2025-10-05T12:30:01Z] [SPRINT8] [OK] written: F:\Python_Projekt\Aktiengerüst\output\features\micro_5min.parquet
[2025-10-05T12:30:01Z] [SPRINT8] [OK] written: F:\Python_Projekt\Aktiengerüst\output\features\regime_5min.parquet
[2025-10-05T12:30:01Z] [SPRINT8] [OK] manifest updated: F:\Python_Projekt\Aktiengerüst\output\features\feature_manifest.json
[2025-10-05T12:30:01Z] [SPRINT8] Acceptance hint: Validate PF>1.25 under cost stress once Execution v2 is wired.
[2025-10-05T12:30:01Z] [SPRINT8] DONE Sprint8 Feature Build
