[2025-10-05T12:34:12Z] [EXEC] START Execution | freq=5min
[2025-10-05T12:34:12Z] [EXEC] START Execution | freq=5min
[2025-10-05T12:35:26Z] [EXEC] START Execution | freq=5min
[2025-10-05T12:35:26Z] [EXEC] [OK] written: F:\Python_Projekt\Aktiengerüst\output\orders.csv
[2025-10-05T12:35:26Z] [EXEC] [OK] written: F:\Python_Projekt\Aktiengerüst\output\cost_sensitivity.md
[2025-10-05T12:35:26Z] [EXEC] [OK] written: F:\Python_Projekt\Aktiengerüst\output\fill_sim.md
[2025-10-05T12:35:26Z] [EXEC] DONE Execution
[2025-10-05T13:12:38Z] [EXEC] START Execution | freq=5min
[2025-10-05T13:12:38Z] [EXEC] [OK] written: F:\Python_Projekt\Aktiengerüst\output\orders.csv
[2025-10-05T13:12:38Z] [EXEC] [OK] written: F:\Python_Projekt\Aktiengerüst\output\cost_sensitivity.md
[2025-10-05T13:12:38Z] [EXEC] [OK] written: F:\Python_Projekt\Aktiengerüst\output\fill_sim.md
[2025-10-05T13:12:38Z] [EXEC] DONE Execution
[2025-10-05T13:34:08Z] [EXEC] START Execution | freq=5min
[2025-10-05T13:34:09Z] [EXEC] [OK] written: F:\Python_Projekt\Aktiengerüst\output\orders.csv
[2025-10-05T13:34:09Z] [EXEC] [OK] written: F:\Python_Projekt\Aktiengerüst\output\cost_sensitivity.md
[2025-10-05T13:34:09Z] [EXEC] [OK] written: F:\Python_Projekt\Aktiengerüst\output\fill_sim.md
[2025-10-05T13:34:09Z] [EXEC] DONE Execution
[2025-10-05T13:36:37Z] [EXEC] START Execution | freq=5min
[2025-10-05T13:36:37Z] [EXEC] [OK] written: F:\Python_Projekt\Aktiengerüst\output\orders.csv
[2025-10-05T13:36:37Z] [EXEC] [OK] written: F:\Python_Projekt\Aktiengerüst\output\cost_sensitivity.md
[2025-10-05T13:36:37Z] [EXEC] [OK] written: F:\Python_Projekt\Aktiengerüst\output\fill_sim.md
[2025-10-05T13:36:37Z] [EXEC] DONE Execution
[2025-10-05T17:10:18Z] [EXEC] START Execution | freq=5min
[2025-10-05T17:10:18Z] [EXEC] [OK] written: F:\Python_Projekt\Aktiengerüst\output\orders.csv
[2025-10-05T17:10:18Z] [EXEC] [OK] written: F:\Python_Projekt\Aktiengerüst\output\cost_sensitivity.md
[2025-10-05T17:10:18Z] [EXEC] [OK] written: F:\Python_Projekt\Aktiengerüst\output\fill_sim.md
[2025-10-05T17:10:18Z] [EXEC] DONE Execution
[2025-10-05T17:10:19Z] [EXEC] START Execution | freq=5min
[2025-10-05T17:10:19Z] [EXEC] [OK] written: F:\Python_Projekt\Aktiengerüst\output\orders.csv
[2025-10-05T17:10:19Z] [EXEC] [OK] written: F:\Python_Projekt\Aktiengerüst\output\cost_sensitivity.md
[2025-10-05T17:10:19Z] [EXEC] [OK] written: F:\Python_Projekt\Aktiengerüst\output\fill_sim.md
[2025-10-05T17:10:19Z] [EXEC] DONE Execution
[2025-10-14T14:04:39Z] [EXEC] START Execution | freq=5min
[2025-10-14T14:04:39Z] [EXEC] [OK] written: F:\Python_Projekt\Aktiengerüst\output\orders.csv
[2025-10-14T14:04:39Z] [EXEC] [OK] written: F:\Python_Projekt\Aktiengerüst\output\cost_sensitivity.md
[2025-10-14T14:04:39Z] [EXEC] [OK] written: F:\Python_Projekt\Aktiengerüst\output\fill_sim.md
[2025-10-14T14:04:39Z] [EXEC] DONE Execution
[2025-10-14T14:08:34Z] [EXEC] START Execution | freq=5min
[2025-10-14T14:08:35Z] [EXEC] [OK] written: F:\Python_Projekt\Aktiengerüst\output\orders.csv
[2025-10-14T14:08:35Z] [EXEC] [OK] written: F:\Python_Projekt\Aktiengerüst\output\cost_sensitivity.md
[2025-10-14T14:08:35Z] [EXEC] [OK] written: F:\Python_Projekt\Aktiengerüst\output\fill_sim.md
[2025-10-14T14:08:35Z] [EXEC] DONE Execution
